This file contains any messages produced by compilers while
running configure, to aid debugging if configure makes a mistake.

It was created by zeromq configure 2.1.7, which was
generated by GNU Autoconf 2.63.  Invocation command line was

  $ ./configure 

## --------- ##
## Platform. ##
## --------- ##

hostname = roundcorn.champ.corp.yahoo.com
uname -m = x86_64
uname -r = 2.6.9-101.EL.YAHOO.20111125
uname -s = Linux
uname -v = #1 Fri Nov 25 11:58:29 CST 2011

/usr/bin/uname -p = unknown
/bin/uname -X     = unknown

/bin/arch              = x86_64
/usr/bin/arch -k       = unknown
/usr/convex/getsysinfo = unknown
/usr/bin/hostinfo      = unknown
/bin/machine           = unknown
/usr/bin/oslevel       = unknown
/bin/universe          = unknown

PATH: /home/evans//bin/
PATH: /home/evans//bin/Linux/
PATH: /sbin
PATH: /usr/sbin
PATH: /bin
PATH: /usr/bin
PATH: /home/y/bin
PATH: /usr/local/bin
PATH: /usr/X11R6/bin
PATH: /usr/local/bin/


## ----------- ##
## Core tests. ##
## ----------- ##

configure:2139: checking for a BSD-compatible install
configure:2207: result: /usr/bin/install -c
configure:2218: checking whether build environment is sane
configure:2278: result: yes
configure:2419: checking for a thread-safe mkdir -p
configure:2458: result: /bin/mkdir -p
configure:2471: checking for gawk
configure:2487: found /bin/gawk
configure:2498: result: gawk
configure:2509: checking whether make sets $(MAKE)
configure:2531: result: yes
configure:2608: checking how to create a ustar tar archive
configure:2621: tar --version
tar (GNU tar) 1.14
Copyright (C) 2004 Free Software Foundation, Inc.
This program comes with NO WARRANTY, to the extent permitted by law.
You may redistribute it under the terms of the GNU General Public License;
see the file named COPYING for details.
Written by John Gilmore and Jay Fenlason.
configure:2624: $? = 0
configure:2664: tardir=conftest.dir && eval tar --format=ustar -chf - "$tardir" >conftest.tar
configure:2667: $? = 0
configure:2671: tar -xf - <conftest.tar
configure:2674: $? = 0
configure:2687: result: gnutar
configure:2779: checking for gcc
configure:2795: found /usr/bin/gcc
configure:2806: result: gcc
configure:3038: checking for C compiler version
configure:3046: gcc --version >&5
gcc (GCC) 3.4.6 20060404 (Red Hat 3.4.6-11)
Copyright (C) 2006 Free Software Foundation, Inc.
This is free software; see the source for copying conditions.  There is NO
warranty; not even for MERCHANTABILITY or FITNESS FOR A PARTICULAR PURPOSE.

configure:3050: $? = 0
configure:3057: gcc -v >&5
Reading specs from /usr/lib/gcc/x86_64-redhat-linux/3.4.6/specs
Configured with: ../configure --prefix=/usr --mandir=/usr/share/man --infodir=/usr/share/info --enable-shared --enable-threads=posix --disable-checking --with-system-zlib --enable-__cxa_atexit --disable-libunwind-exceptions --enable-java-awt=gtk --host=x86_64-redhat-linux
Thread model: posix
gcc version 3.4.6 20060404 (Red Hat 3.4.6-11)
configure:3061: $? = 0
configure:3068: gcc -V >&5
gcc: `-V' option must have argument
configure:3072: $? = 1
configure:3095: checking for C compiler default output file name
configure:3117: gcc    conftest.c  >&5
configure:3121: $? = 0
configure:3159: result: a.out
configure:3178: checking whether the C compiler works
configure:3188: ./a.out
configure:3192: $? = 0
configure:3211: result: yes
configure:3218: checking whether we are cross compiling
configure:3220: result: no
configure:3223: checking for suffix of executables
configure:3230: gcc -o conftest    conftest.c  >&5
configure:3234: $? = 0
configure:3260: result: 
configure:3266: checking for suffix of object files
configure:3292: gcc -c   conftest.c >&5
configure:3296: $? = 0
configure:3321: result: o
configure:3325: checking whether we are using the GNU C compiler
configure:3354: gcc -c   conftest.c >&5
configure:3361: $? = 0
configure:3378: result: yes
configure:3387: checking whether gcc accepts -g
configure:3417: gcc -c -g  conftest.c >&5
configure:3424: $? = 0
configure:3525: result: yes
configure:3542: checking for gcc option to accept ISO C89
configure:3616: gcc  -c -g -O2  conftest.c >&5
configure:3623: $? = 0
configure:3646: result: none needed
configure:3675: checking for style of include used by make
configure:3703: result: GNU
configure:3728: checking dependency style of gcc
configure:3838: result: gcc3
configure:3853: checking for gcc option to accept ISO C99
configure:4012: gcc  -c -g -O2  conftest.c >&5
conftest.c:60: error: syntax error before "text"
conftest.c: In function `test_restrict':
conftest.c:65: error: 'for' loop initial declaration used outside C99 mode
conftest.c:65: error: `text' undeclared (first use in this function)
conftest.c:65: error: (Each undeclared identifier is reported only once
conftest.c:65: error: for each function it appears in.)
conftest.c: In function `main':
conftest.c:114: error: syntax error before "newvar"
conftest.c:124: error: 'for' loop initial declaration used outside C99 mode
conftest.c:140: error: `newvar' undeclared (first use in this function)
configure:4019: $? = 1
configure: failed program was:
| /* confdefs.h.  */
| #define PACKAGE_NAME "zeromq"
| #define PACKAGE_TARNAME "zeromq"
| #define PACKAGE_VERSION "2.1.7"
| #define PACKAGE_STRING "zeromq 2.1.7"
| #define PACKAGE_BUGREPORT "zeromq-dev@lists.zeromq.org"
| #define PACKAGE "zeromq"
| #define VERSION "2.1.7"
| /* end confdefs.h.  */
| #include <stdarg.h>
| #include <stdbool.h>
| #include <stdlib.h>
| #include <wchar.h>
| #include <stdio.h>
| 
| // Check varargs macros.  These examples are taken from C99 6.10.3.5.
| #define debug(...) fprintf (stderr, __VA_ARGS__)
| #define showlist(...) puts (#__VA_ARGS__)
| #define report(test,...) ((test) ? puts (#test) : printf (__VA_ARGS__))
| static void
| test_varargs_macros (void)
| {
|   int x = 1234;
|   int y = 5678;
|   debug ("Flag");
|   debug ("X = %d\n", x);
|   showlist (The first, second, and third items.);
|   report (x>y, "x is %d but y is %d", x, y);
| }
| 
| // Check long long types.
| #define BIG64 18446744073709551615ull
| #define BIG32 4294967295ul
| #define BIG_OK (BIG64 / BIG32 == 4294967297ull && BIG64 % BIG32 == 0)
| #if !BIG_OK
|   your preprocessor is broken;
| #endif
| #if BIG_OK
| #else
|   your preprocessor is broken;
| #endif
| static long long int bignum = -9223372036854775807LL;
| static unsigned long long int ubignum = BIG64;
| 
| struct incomplete_array
| {
|   int datasize;
|   double data[];
| };
| 
| struct named_init {
|   int number;
|   const wchar_t *name;
|   double average;
| };
| 
| typedef const char *ccp;
| 
| static inline int
| test_restrict (ccp restrict text)
| {
|   // See if C++-style comments work.
|   // Iterate through items via the restricted pointer.
|   // Also check for declarations in for loops.
|   for (unsigned int i = 0; *(text+i) != '\0'; ++i)
|     continue;
|   return 0;
| }
| 
| // Check varargs and va_copy.
| static void
| test_varargs (const char *format, ...)
| {
|   va_list args;
|   va_start (args, format);
|   va_list args_copy;
|   va_copy (args_copy, args);
| 
|   const char *str;
|   int number;
|   float fnumber;
| 
|   while (*format)
|     {
|       switch (*format++)
| 	{
| 	case 's': // string
| 	  str = va_arg (args_copy, const char *);
| 	  break;
| 	case 'd': // int
| 	  number = va_arg (args_copy, int);
| 	  break;
| 	case 'f': // float
| 	  fnumber = va_arg (args_copy, double);
| 	  break;
| 	default:
| 	  break;
| 	}
|     }
|   va_end (args_copy);
|   va_end (args);
| }
| 
| int
| main ()
| {
| 
|   // Check bool.
|   _Bool success = false;
| 
|   // Check restrict.
|   if (test_restrict ("String literal") == 0)
|     success = true;
|   char *restrict newvar = "Another string";
| 
|   // Check varargs.
|   test_varargs ("s, d' f .", "string", 65, 34.234);
|   test_varargs_macros ();
| 
|   // Check flexible array members.
|   struct incomplete_array *ia =
|     malloc (sizeof (struct incomplete_array) + (sizeof (double) * 10));
|   ia->datasize = 10;
|   for (int i = 0; i < ia->datasize; ++i)
|     ia->data[i] = i * 1.234;
| 
|   // Check named initializers.
|   struct named_init ni = {
|     .number = 34,
|     .name = L"Test wide string",
|     .average = 543.34343,
|   };
| 
|   ni.number = 58;
| 
|   int dynamic_array[ni.number];
|   dynamic_array[ni.number - 1] = 543;
| 
|   // work around unused variable warnings
|   return (!success || bignum == 0LL || ubignum == 0uLL || newvar[0] == 'x'
| 	  || dynamic_array[ni.number - 1] != 543);
| 
|   ;
|   return 0;
| }
configure:4012: gcc -std=gnu99 -c -g -O2  conftest.c >&5
configure:4019: $? = 0
configure:4049: result: -std=gnu99
configure:4113: checking for g++
configure:4129: found /usr/bin/g++
configure:4140: result: g++
configure:4167: checking for C++ compiler version
configure:4175: g++ --version >&5
g++ (GCC) 3.4.6 20060404 (Red Hat 3.4.6-11)
Copyright (C) 2006 Free Software Foundation, Inc.
This is free software; see the source for copying conditions.  There is NO
warranty; not even for MERCHANTABILITY or FITNESS FOR A PARTICULAR PURPOSE.

configure:4179: $? = 0
configure:4186: g++ -v >&5
Reading specs from /usr/lib/gcc/x86_64-redhat-linux/3.4.6/specs
Configured with: ../configure --prefix=/usr --mandir=/usr/share/man --infodir=/usr/share/info --enable-shared --enable-threads=posix --disable-checking --with-system-zlib --enable-__cxa_atexit --disable-libunwind-exceptions --enable-java-awt=gtk --host=x86_64-redhat-linux
Thread model: posix
gcc version 3.4.6 20060404 (Red Hat 3.4.6-11)
configure:4190: $? = 0
configure:4197: g++ -V >&5
g++: `-V' option must have argument
configure:4201: $? = 1
configure:4204: checking whether we are using the GNU C++ compiler
configure:4233: g++ -c   conftest.cpp >&5
configure:4240: $? = 0
configure:4257: result: yes
configure:4266: checking whether g++ accepts -g
configure:4296: g++ -c -g  conftest.cpp >&5
configure:4303: $? = 0
configure:4404: result: yes
configure:4429: checking dependency style of g++
configure:4539: result: gcc3
configure:4555: checking whether gcc -std=gnu99 and cc understand -c and -o together
configure:4590: gcc -std=gnu99 -c conftest.c -o conftest2.o >&5
configure:4594: $? = 0
configure:4600: gcc -std=gnu99 -c conftest.c -o conftest2.o >&5
configure:4604: $? = 0
configure:4615: cc -c conftest.c >&5
configure:4619: $? = 0
configure:4627: cc -c conftest.c -o conftest2.o >&5
configure:4631: $? = 0
configure:4637: cc -c conftest.c -o conftest2.o >&5
configure:4641: $? = 0
configure:4659: result: yes
configure:4686: checking for a sed that does not truncate output
configure:4752: result: /bin/sed
configure:4761: checking for gawk
configure:4788: result: gawk
configure:4803: checking for xmlto
configure:4836: result: no
configure:4844: checking for asciidoc
configure:4877: result: no
configure:4888: checking build system type
configure:4906: result: x86_64-unknown-linux-gnu
configure:4928: checking host system type
configure:4943: result: x86_64-unknown-linux-gnu
configure:5365: checking for a sed that does not truncate output
configure:5431: result: /bin/sed
configure:5449: checking for grep that handles long lines and -e
configure:5509: result: /bin/grep
configure:5514: checking for egrep
configure:5578: result: /bin/grep -E
configure:5583: checking for fgrep
configure:5647: result: /bin/grep -F
configure:5682: checking for ld used by gcc -std=gnu99
configure:5749: result: /usr/bin/ld
configure:5758: checking if the linker (/usr/bin/ld) is GNU ld
configure:5773: result: yes
configure:5785: checking for BSD- or MS-compatible name lister (nm)
configure:5834: result: /usr/bin/nm -B
configure:5952: checking the name lister (/usr/bin/nm -B) interface
configure:5959: gcc -std=gnu99 -c -g -O2  conftest.c >&5
configure:5962: /usr/bin/nm -B "conftest.o"
configure:5965: output
0000000000000000 B some_variable
configure:5972: result: BSD nm
configure:5975: checking whether ln -s works
configure:5979: result: yes
configure:5987: checking the maximum length of command line arguments
configure:6107: result: 98304
configure:6124: checking whether the shell understands some XSI constructs
configure:6134: result: yes
configure:6138: checking whether the shell understands "+="
configure:6144: result: no
configure:6179: checking for /usr/bin/ld option to reload object files
configure:6186: result: -r
configure:6255: checking for objdump
configure:6282: result: objdump
configure:6311: checking how to recognize dependent libraries
configure:6507: result: pass_all
configure:6567: checking for ar
configure:6583: found /usr/bin/ar
configure:6594: result: ar
configure:6672: checking for strip
configure:6688: found /usr/bin/strip
configure:6699: result: strip
configure:6771: checking for ranlib
configure:6787: found /usr/bin/ranlib
configure:6798: result: ranlib
configure:6888: checking command to parse /usr/bin/nm -B output from gcc -std=gnu99 object
configure:7006: gcc -std=gnu99 -c -g -O2  conftest.c >&5
configure:7009: $? = 0
configure:7013: /usr/bin/nm -B conftest.o \| sed -n -e 's/^.*[	 ]\([ABCDGIRSTW][ABCDGIRSTW]*\)[	 ][	 ]*\([_A-Za-z][_A-Za-z0-9]*\)$/\1 \2 \2/p' \> conftest.nm
configure:7016: $? = 0
configure:7070: gcc -std=gnu99 -o conftest -g -O2   conftest.c conftstm.o >&5
configure:7073: $? = 0
configure:7111: result: ok
configure:7207: gcc -std=gnu99 -c -g -O2  conftest.c >&5
configure:7210: $? = 0
configure:7978: checking how to run the C preprocessor
configure:8018: gcc -std=gnu99 -E  conftest.c
configure:8025: $? = 0
configure:8056: gcc -std=gnu99 -E  conftest.c
conftest.c:10:28: ac_nonexistent.h: No such file or directory
configure:8063: $? = 1
configure: failed program was:
| /* confdefs.h.  */
| #define PACKAGE_NAME "zeromq"
| #define PACKAGE_TARNAME "zeromq"
| #define PACKAGE_VERSION "2.1.7"
| #define PACKAGE_STRING "zeromq 2.1.7"
| #define PACKAGE_BUGREPORT "zeromq-dev@lists.zeromq.org"
| #define PACKAGE "zeromq"
| #define VERSION "2.1.7"
| /* end confdefs.h.  */
| #include <ac_nonexistent.h>
configure:8096: result: gcc -std=gnu99 -E
configure:8125: gcc -std=gnu99 -E  conftest.c
configure:8132: $? = 0
configure:8163: gcc -std=gnu99 -E  conftest.c
conftest.c:10:28: ac_nonexistent.h: No such file or directory
configure:8170: $? = 1
configure: failed program was:
| /* confdefs.h.  */
| #define PACKAGE_NAME "zeromq"
| #define PACKAGE_TARNAME "zeromq"
| #define PACKAGE_VERSION "2.1.7"
| #define PACKAGE_STRING "zeromq 2.1.7"
| #define PACKAGE_BUGREPORT "zeromq-dev@lists.zeromq.org"
| #define PACKAGE "zeromq"
| #define VERSION "2.1.7"
| /* end confdefs.h.  */
| #include <ac_nonexistent.h>
configure:8210: checking for ANSI C header files
configure:8240: gcc -std=gnu99 -c -g -O2  conftest.c >&5
configure:8247: $? = 0
configure:8346: gcc -std=gnu99 -o conftest -g -O2   conftest.c  >&5
configure:8350: $? = 0
configure:8356: ./conftest
configure:8360: $? = 0
configure:8378: result: yes
configure:8402: checking for sys/types.h
configure:8423: gcc -std=gnu99 -c -g -O2  conftest.c >&5
configure:8430: $? = 0
configure:8447: result: yes
configure:8402: checking for sys/stat.h
configure:8423: gcc -std=gnu99 -c -g -O2  conftest.c >&5
configure:8430: $? = 0
configure:8447: result: yes
configure:8402: checking for stdlib.h
configure:8423: gcc -std=gnu99 -c -g -O2  conftest.c >&5
configure:8430: $? = 0
configure:8447: result: yes
configure:8402: checking for string.h
configure:8423: gcc -std=gnu99 -c -g -O2  conftest.c >&5
configure:8430: $? = 0
configure:8447: result: yes
configure:8402: checking for memory.h
configure:8423: gcc -std=gnu99 -c -g -O2  conftest.c >&5
configure:8430: $? = 0
configure:8447: result: yes
configure:8402: checking for strings.h
configure:8423: gcc -std=gnu99 -c -g -O2  conftest.c >&5
configure:8430: $? = 0
configure:8447: result: yes
configure:8402: checking for inttypes.h
configure:8423: gcc -std=gnu99 -c -g -O2  conftest.c >&5
configure:8430: $? = 0
configure:8447: result: yes
configure:8402: checking for stdint.h
configure:8423: gcc -std=gnu99 -c -g -O2  conftest.c >&5
configure:8430: $? = 0
configure:8447: result: yes
configure:8402: checking for unistd.h
configure:8423: gcc -std=gnu99 -c -g -O2  conftest.c >&5
configure:8430: $? = 0
configure:8447: result: yes
configure:8465: checking for dlfcn.h
configure:8486: gcc -std=gnu99 -c -g -O2  conftest.c >&5
configure:8493: $? = 0
configure:8510: result: yes
configure:8637: checking for C++ compiler version
configure:8645: g++ --version >&5
g++ (GCC) 3.4.6 20060404 (Red Hat 3.4.6-11)
Copyright (C) 2006 Free Software Foundation, Inc.
This is free software; see the source for copying conditions.  There is NO
warranty; not even for MERCHANTABILITY or FITNESS FOR A PARTICULAR PURPOSE.

configure:8649: $? = 0
configure:8656: g++ -v >&5
Reading specs from /usr/lib/gcc/x86_64-redhat-linux/3.4.6/specs
Configured with: ../configure --prefix=/usr --mandir=/usr/share/man --infodir=/usr/share/info --enable-shared --enable-threads=posix --disable-checking --with-system-zlib --enable-__cxa_atexit --disable-libunwind-exceptions --enable-java-awt=gtk --host=x86_64-redhat-linux
Thread model: posix
gcc version 3.4.6 20060404 (Red Hat 3.4.6-11)
configure:8660: $? = 0
configure:8667: g++ -V >&5
g++: `-V' option must have argument
configure:8671: $? = 1
configure:8674: checking whether we are using the GNU C++ compiler
configure:8727: result: yes
configure:8736: checking whether g++ accepts -g
configure:8874: result: yes
configure:8899: checking dependency style of g++
configure:9009: result: gcc3
configure:9032: checking how to run the C++ preprocessor
configure:9068: g++ -E  conftest.cpp
configure:9075: $? = 0
configure:9106: g++ -E  conftest.cpp
conftest.cpp:21:28: ac_nonexistent.h: No such file or directory
configure:9113: $? = 1
configure: failed program was:
| /* confdefs.h.  */
| #define PACKAGE_NAME "zeromq"
| #define PACKAGE_TARNAME "zeromq"
| #define PACKAGE_VERSION "2.1.7"
| #define PACKAGE_STRING "zeromq 2.1.7"
| #define PACKAGE_BUGREPORT "zeromq-dev@lists.zeromq.org"
| #define PACKAGE "zeromq"
| #define VERSION "2.1.7"
| #define STDC_HEADERS 1
| #define HAVE_SYS_TYPES_H 1
| #define HAVE_SYS_STAT_H 1
| #define HAVE_STDLIB_H 1
| #define HAVE_STRING_H 1
| #define HAVE_MEMORY_H 1
| #define HAVE_STRINGS_H 1
| #define HAVE_INTTYPES_H 1
| #define HAVE_STDINT_H 1
| #define HAVE_UNISTD_H 1
| #define HAVE_DLFCN_H 1
| /* end confdefs.h.  */
| #include <ac_nonexistent.h>
configure:9146: result: g++ -E
configure:9175: g++ -E  conftest.cpp
configure:9182: $? = 0
configure:9213: g++ -E  conftest.cpp
conftest.cpp:21:28: ac_nonexistent.h: No such file or directory
configure:9220: $? = 1
configure: failed program was:
| /* confdefs.h.  */
| #define PACKAGE_NAME "zeromq"
| #define PACKAGE_TARNAME "zeromq"
| #define PACKAGE_VERSION "2.1.7"
| #define PACKAGE_STRING "zeromq 2.1.7"
| #define PACKAGE_BUGREPORT "zeromq-dev@lists.zeromq.org"
| #define PACKAGE "zeromq"
| #define VERSION "2.1.7"
| #define STDC_HEADERS 1
| #define HAVE_SYS_TYPES_H 1
| #define HAVE_SYS_STAT_H 1
| #define HAVE_STDLIB_H 1
| #define HAVE_STRING_H 1
| #define HAVE_MEMORY_H 1
| #define HAVE_STRINGS_H 1
| #define HAVE_INTTYPES_H 1
| #define HAVE_STDINT_H 1
| #define HAVE_UNISTD_H 1
| #define HAVE_DLFCN_H 1
| /* end confdefs.h.  */
| #include <ac_nonexistent.h>
configure:9402: checking for objdir
configure:9417: result: .libs
configure:9713: checking if gcc -std=gnu99 supports -fno-rtti -fno-exceptions
configure:9731: gcc -std=gnu99 -c -g -O2  -fno-rtti -fno-exceptions conftest.c >&5
cc1: warning: command line option "-fno-rtti" is valid for C++/ObjC++ but not for C
configure:9735: $? = 0
configure:9748: result: no
configure:9768: checking for gcc -std=gnu99 option to produce PIC
configure:10040: result: -fPIC -DPIC
configure:10052: checking if gcc -std=gnu99 PIC flag -fPIC -DPIC works
configure:10070: gcc -std=gnu99 -c -g -O2  -fPIC -DPIC -DPIC conftest.c >&5
configure:10074: $? = 0
configure:10087: result: yes
configure:10111: checking if gcc -std=gnu99 static flag -static works
configure:10139: result: yes
configure:10154: checking if gcc -std=gnu99 supports -c -o file.o
configure:10175: gcc -std=gnu99 -c -g -O2  -o out/conftest2.o conftest.c >&5
configure:10179: $? = 0
configure:10201: result: yes
configure:10209: checking if gcc -std=gnu99 supports -c -o file.o
configure:10256: result: yes
configure:10289: checking whether the gcc -std=gnu99 linker (/usr/bin/ld -m elf_x86_64) supports shared libraries
configure:11368: result: yes
configure:11405: checking whether -lc should be explicitly linked in
configure:11410: gcc -std=gnu99 -c -g -O2  conftest.c >&5
configure:11413: $? = 0
configure:11428: gcc -std=gnu99 -shared conftest.o  -v -Wl,-soname -Wl,conftest -o conftest 2\>\&1 \| /bin/grep  -lc  \>/dev/null 2\>\&1
configure:11431: $? = 0
configure:11443: result: no
configure:11607: checking dynamic linker characteristics
configure:12050: gcc -std=gnu99 -o conftest -g -O2   -Wl,-rpath -Wl,/foo conftest.c  >&5
configure:12057: $? = 0
configure:12302: result: GNU/Linux ld.so
configure:12404: checking how to hardcode library paths into programs
configure:12429: result: immediate
configure:13262: checking whether stripping libraries is possible
configure:13267: result: yes
configure:13302: checking if libtool supports shared libraries
configure:13304: result: yes
configure:13307: checking whether to build shared libraries
configure:13328: result: yes
configure:13331: checking whether to build static libraries
configure:13335: result: yes
configure:13485: checking for ld used by g++
configure:13552: result: /usr/bin/ld -m elf_x86_64
configure:13561: checking if the linker (/usr/bin/ld -m elf_x86_64) is GNU ld
configure:13576: result: yes
configure:13631: checking whether the g++ linker (/usr/bin/ld -m elf_x86_64) supports shared libraries
configure:14606: result: yes
configure:14634: g++ -c -g -O2  conftest.cpp >&5
configure:14637: $? = 0
configure:14819: checking for g++ option to produce PIC
configure:15136: result: -fPIC -DPIC
configure:15145: checking if g++ PIC flag -fPIC -DPIC works
configure:15163: g++ -c -g -O2  -fPIC -DPIC -DPIC conftest.cpp >&5
configure:15167: $? = 0
configure:15180: result: yes
configure:15201: checking if g++ static flag -static works
configure:15229: result: yes
configure:15241: checking if g++ supports -c -o file.o
configure:15262: g++ -c -g -O2  -o out/conftest2.o conftest.cpp >&5
configure:15266: $? = 0
configure:15288: result: yes
configure:15293: checking if g++ supports -c -o file.o
configure:15340: result: yes
configure:15370: checking whether the g++ linker (/usr/bin/ld -m elf_x86_64) supports shared libraries
configure:15399: result: yes
configure:15536: checking dynamic linker characteristics
configure:15927: g++ -o conftest -g -O2   -Wl,-rpath -Wl,/foo conftest.cpp  >&5
configure:15934: $? = 0
configure:16179: result: GNU/Linux ld.so
configure:16230: checking how to hardcode library paths into programs
configure:16255: result: immediate
configure:16325: checking whether the C compiler works
configure:16351: gcc -std=gnu99 -o conftest -g -O2   conftest.c  >&5
configure:16358: $? = 0
configure:16379: result: yes
configure:16389: checking whether we are using Intel C compiler
configure:16418: gcc -std=gnu99 -c -g -O2  conftest.c >&5
conftest.c: In function `main':
conftest.c:27: error: `error' undeclared (first use in this function)
conftest.c:27: error: (Each undeclared identifier is reported only once
conftest.c:27: error: for each function it appears in.)
conftest.c:27: error: syntax error before "if"
configure:16425: $? = 1
configure: failed program was:
| /* confdefs.h.  */
| #define PACKAGE_NAME "zeromq"
| #define PACKAGE_TARNAME "zeromq"
| #define PACKAGE_VERSION "2.1.7"
| #define PACKAGE_STRING "zeromq 2.1.7"
| #define PACKAGE_BUGREPORT "zeromq-dev@lists.zeromq.org"
| #define PACKAGE "zeromq"
| #define VERSION "2.1.7"
| #define STDC_HEADERS 1
| #define HAVE_SYS_TYPES_H 1
| #define HAVE_SYS_STAT_H 1
| #define HAVE_STDLIB_H 1
| #define HAVE_STRING_H 1
| #define HAVE_MEMORY_H 1
| #define HAVE_STRINGS_H 1
| #define HAVE_INTTYPES_H 1
| #define HAVE_STDINT_H 1
| #define HAVE_UNISTD_H 1
| #define HAVE_DLFCN_H 1
| #define LT_OBJDIR ".libs/"
| /* end confdefs.h.  */
| 
| int
| main ()
| {
| #ifndef __INTEL_COMPILER
|        error if not ICC
| #endif
| 
|   ;
|   return 0;
| }
configure:16441: result: no
configure:16443: checking whether we are using Sun Studio C compiler
configure:16472: gcc -std=gnu99 -c -g -O2  conftest.c >&5
conftest.c: In function `main':
conftest.c:27: error: `error' undeclared (first use in this function)
conftest.c:27: error: (Each undeclared identifier is reported only once
conftest.c:27: error: for each function it appears in.)
conftest.c:27: error: syntax error before "if"
configure:16479: $? = 1
configure: failed program was:
| /* confdefs.h.  */
| #define PACKAGE_NAME "zeromq"
| #define PACKAGE_TARNAME "zeromq"
| #define PACKAGE_VERSION "2.1.7"
| #define PACKAGE_STRING "zeromq 2.1.7"
| #define PACKAGE_BUGREPORT "zeromq-dev@lists.zeromq.org"
| #define PACKAGE "zeromq"
| #define VERSION "2.1.7"
| #define STDC_HEADERS 1
| #define HAVE_SYS_TYPES_H 1
| #define HAVE_SYS_STAT_H 1
| #define HAVE_STDLIB_H 1
| #define HAVE_STRING_H 1
| #define HAVE_MEMORY_H 1
| #define HAVE_STRINGS_H 1
| #define HAVE_INTTYPES_H 1
| #define HAVE_STDINT_H 1
| #define HAVE_UNISTD_H 1
| #define HAVE_DLFCN_H 1
| #define LT_OBJDIR ".libs/"
| /* end confdefs.h.  */
| 
| int
| main ()
| {
| #if !defined(__SUNPRO_CC) && !defined(__SUNPRO_C)
|        error if not sun studio
| #endif
| 
|   ;
|   return 0;
| }
configure:16495: result: no
configure:16497: checking whether we are using clang C compiler
configure:16526: gcc -std=gnu99 -c -g -O2  conftest.c >&5
conftest.c: In function `main':
conftest.c:27: error: `error' undeclared (first use in this function)
conftest.c:27: error: (Each undeclared identifier is reported only once
conftest.c:27: error: for each function it appears in.)
conftest.c:27: error: syntax error before "if"
configure:16533: $? = 1
configure: failed program was:
| /* confdefs.h.  */
| #define PACKAGE_NAME "zeromq"
| #define PACKAGE_TARNAME "zeromq"
| #define PACKAGE_VERSION "2.1.7"
| #define PACKAGE_STRING "zeromq 2.1.7"
| #define PACKAGE_BUGREPORT "zeromq-dev@lists.zeromq.org"
| #define PACKAGE "zeromq"
| #define VERSION "2.1.7"
| #define STDC_HEADERS 1
| #define HAVE_SYS_TYPES_H 1
| #define HAVE_SYS_STAT_H 1
| #define HAVE_STDLIB_H 1
| #define HAVE_STRING_H 1
| #define HAVE_MEMORY_H 1
| #define HAVE_STRINGS_H 1
| #define HAVE_INTTYPES_H 1
| #define HAVE_STDINT_H 1
| #define HAVE_UNISTD_H 1
| #define HAVE_DLFCN_H 1
| #define LT_OBJDIR ".libs/"
| /* end confdefs.h.  */
| 
| int
| main ()
| {
| #ifndef __clang__
|        error if not clang
| #endif
| 
|   ;
|   return 0;
| }
configure:16549: result: no
configure:16551: checking whether we are using gcc >= 4 C compiler
configure:16580: gcc -std=gnu99 -c -g -O2  conftest.c >&5
conftest.c: In function `main':
conftest.c:27: error: `error' undeclared (first use in this function)
conftest.c:27: error: (Each undeclared identifier is reported only once
conftest.c:27: error: for each function it appears in.)
conftest.c:27: error: syntax error before "if"
configure:16587: $? = 1
configure: failed program was:
| /* confdefs.h.  */
| #define PACKAGE_NAME "zeromq"
| #define PACKAGE_TARNAME "zeromq"
| #define PACKAGE_VERSION "2.1.7"
| #define PACKAGE_STRING "zeromq 2.1.7"
| #define PACKAGE_BUGREPORT "zeromq-dev@lists.zeromq.org"
| #define PACKAGE "zeromq"
| #define VERSION "2.1.7"
| #define STDC_HEADERS 1
| #define HAVE_SYS_TYPES_H 1
| #define HAVE_SYS_STAT_H 1
| #define HAVE_STDLIB_H 1
| #define HAVE_STRING_H 1
| #define HAVE_MEMORY_H 1
| #define HAVE_STRINGS_H 1
| #define HAVE_INTTYPES_H 1
| #define HAVE_STDINT_H 1
| #define HAVE_UNISTD_H 1
| #define HAVE_DLFCN_H 1
| #define LT_OBJDIR ".libs/"
| /* end confdefs.h.  */
| 
| int
| main ()
| {
| #if (!defined __GNUC__ || __GNUC__ < 4)
|        error if not gcc4 or higher
| #endif
| 
|   ;
|   return 0;
| }
configure:16603: result: no
configure:16620: checking whether the C++ compiler works
configure:16646: g++ -o conftest -g -O2   conftest.cpp  >&5
configure:16653: $? = 0
configure:16674: result: yes
configure:16684: checking whether we are using Intel C++ compiler
configure:16713: g++ -c -g -O2  conftest.cpp >&5
conftest.cpp: In function `int main()':
conftest.cpp:27: error: `error' was not declared in this scope
conftest.cpp:27: error: expected `;' before "if"
configure:16720: $? = 1
configure: failed program was:
| /* confdefs.h.  */
| #define PACKAGE_NAME "zeromq"
| #define PACKAGE_TARNAME "zeromq"
| #define PACKAGE_VERSION "2.1.7"
| #define PACKAGE_STRING "zeromq 2.1.7"
| #define PACKAGE_BUGREPORT "zeromq-dev@lists.zeromq.org"
| #define PACKAGE "zeromq"
| #define VERSION "2.1.7"
| #define STDC_HEADERS 1
| #define HAVE_SYS_TYPES_H 1
| #define HAVE_SYS_STAT_H 1
| #define HAVE_STDLIB_H 1
| #define HAVE_STRING_H 1
| #define HAVE_MEMORY_H 1
| #define HAVE_STRINGS_H 1
| #define HAVE_INTTYPES_H 1
| #define HAVE_STDINT_H 1
| #define HAVE_UNISTD_H 1
| #define HAVE_DLFCN_H 1
| #define LT_OBJDIR ".libs/"
| /* end confdefs.h.  */
| 
| int
| main ()
| {
| #ifndef __INTEL_COMPILER
|        error if not ICC
| #endif
| 
|   ;
|   return 0;
| }
configure:16736: result: no
configure:16738: checking whether we are using Sun Studio C++ compiler
configure:16767: g++ -c -g -O2  conftest.cpp >&5
conftest.cpp: In function `int main()':
conftest.cpp:27: error: `error' was not declared in this scope
conftest.cpp:27: error: expected `;' before "if"
configure:16774: $? = 1
configure: failed program was:
| /* confdefs.h.  */
| #define PACKAGE_NAME "zeromq"
| #define PACKAGE_TARNAME "zeromq"
| #define PACKAGE_VERSION "2.1.7"
| #define PACKAGE_STRING "zeromq 2.1.7"
| #define PACKAGE_BUGREPORT "zeromq-dev@lists.zeromq.org"
| #define PACKAGE "zeromq"
| #define VERSION "2.1.7"
| #define STDC_HEADERS 1
| #define HAVE_SYS_TYPES_H 1
| #define HAVE_SYS_STAT_H 1
| #define HAVE_STDLIB_H 1
| #define HAVE_STRING_H 1
| #define HAVE_MEMORY_H 1
| #define HAVE_STRINGS_H 1
| #define HAVE_INTTYPES_H 1
| #define HAVE_STDINT_H 1
| #define HAVE_UNISTD_H 1
| #define HAVE_DLFCN_H 1
| #define LT_OBJDIR ".libs/"
| /* end confdefs.h.  */
| 
| int
| main ()
| {
| #if !defined(__SUNPRO_CC) && !defined(__SUNPRO_C)
|        error if not sun studio
| #endif
| 
|   ;
|   return 0;
| }
configure:16790: result: no
configure:16792: checking whether we are using clang C++ compiler
configure:16821: g++ -c -g -O2  conftest.cpp >&5
conftest.cpp: In function `int main()':
conftest.cpp:27: error: `error' was not declared in this scope
conftest.cpp:27: error: expected `;' before "if"
configure:16828: $? = 1
configure: failed program was:
| /* confdefs.h.  */
| #define PACKAGE_NAME "zeromq"
| #define PACKAGE_TARNAME "zeromq"
| #define PACKAGE_VERSION "2.1.7"
| #define PACKAGE_STRING "zeromq 2.1.7"
| #define PACKAGE_BUGREPORT "zeromq-dev@lists.zeromq.org"
| #define PACKAGE "zeromq"
| #define VERSION "2.1.7"
| #define STDC_HEADERS 1
| #define HAVE_SYS_TYPES_H 1
| #define HAVE_SYS_STAT_H 1
| #define HAVE_STDLIB_H 1
| #define HAVE_STRING_H 1
| #define HAVE_MEMORY_H 1
| #define HAVE_STRINGS_H 1
| #define HAVE_INTTYPES_H 1
| #define HAVE_STDINT_H 1
| #define HAVE_UNISTD_H 1
| #define HAVE_DLFCN_H 1
| #define LT_OBJDIR ".libs/"
| /* end confdefs.h.  */
| 
| int
| main ()
| {
| #ifndef __clang__
|        error if not clang
| #endif
| 
|   ;
|   return 0;
| }
configure:16844: result: no
configure:16846: checking whether we are using gcc >= 4 C++ compiler
configure:16875: g++ -c -g -O2  conftest.cpp >&5
conftest.cpp: In function `int main()':
conftest.cpp:27: error: `error' was not declared in this scope
conftest.cpp:27: error: expected `;' before "if"
configure:16882: $? = 1
configure: failed program was:
| /* confdefs.h.  */
| #define PACKAGE_NAME "zeromq"
| #define PACKAGE_TARNAME "zeromq"
| #define PACKAGE_VERSION "2.1.7"
| #define PACKAGE_STRING "zeromq 2.1.7"
| #define PACKAGE_BUGREPORT "zeromq-dev@lists.zeromq.org"
| #define PACKAGE "zeromq"
| #define VERSION "2.1.7"
| #define STDC_HEADERS 1
| #define HAVE_SYS_TYPES_H 1
| #define HAVE_SYS_STAT_H 1
| #define HAVE_STDLIB_H 1
| #define HAVE_STRING_H 1
| #define HAVE_MEMORY_H 1
| #define HAVE_STRINGS_H 1
| #define HAVE_INTTYPES_H 1
| #define HAVE_STDINT_H 1
| #define HAVE_UNISTD_H 1
| #define HAVE_DLFCN_H 1
| #define LT_OBJDIR ".libs/"
| /* end confdefs.h.  */
| 
| int
| main ()
| {
| #if (!defined __GNUC__ || __GNUC__ < 4)
|        error if not gcc4 or higher
| #endif
| 
|   ;
|   return 0;
| }
configure:16898: result: no
configure:16932: checking whether to enable debugging information
configure:16970: result: no
configure:16987: checking whether to enable code coverage
configure:17020: result: no
configure:17028: checking for pthread_create in -lpthread
configure:17063: gcc -std=gnu99 -o conftest -g -O2   conftest.c -lpthread   >&5
configure:17070: $? = 0
configure:17091: result: yes
configure:17119: checking host system type
configure:17134: result: x86_64-unknown-linux-gnu
configure:17170: checking for sem_init in -lrt
configure:17205: gcc -std=gnu99 -o conftest -g -O2 -D_GNU_SOURCE -D_REENTRANT -D_THREAD_SAFE   conftest.c -lrt  -lpthread  >&5
configure:17212: $? = 0
configure:17233: result: yes
configure:17245: checking for uuid_generate in -luuid
configure:17280: gcc -std=gnu99 -o conftest -g -O2 -D_GNU_SOURCE -D_REENTRANT -D_THREAD_SAFE   conftest.c -luuid  -lrt -lpthread  >&5
configure:17287: $? = 0
configure:17308: result: yes
configure:19181: checking whether C++ compiler supports dso visibility
configure:19188: result: no
configure:19358: checking for asciidoc
configure:19386: result: no
configure:19396: checking for xmlto
configure:19424: result: no
configure:19450: checking whether to build documentation
configure:19452: result: no
configure:19455: checking whether to install manpages
configure:19457: result: yes
configure:19479: checking for ANSI C header files
configure:19647: result: yes
configure:19684: checking errno.h usability
configure:19701: gcc -std=gnu99 -c -g -O2 -D_GNU_SOURCE -D_REENTRANT -D_THREAD_SAFE  conftest.c >&5
configure:19708: $? = 0
configure:19722: result: yes
configure:19726: checking errno.h presence
configure:19741: gcc -std=gnu99 -E -D_GNU_SOURCE -D_REENTRANT -D_THREAD_SAFE  conftest.c
configure:19748: $? = 0
configure:19762: result: yes
configure:19795: checking for errno.h
configure:19804: result: yes
configure:19684: checking arpa/inet.h usability
configure:19701: gcc -std=gnu99 -c -g -O2 -D_GNU_SOURCE -D_REENTRANT -D_THREAD_SAFE  conftest.c >&5
configure:19708: $? = 0
configure:19722: result: yes
configure:19726: checking arpa/inet.h presence
configure:19741: gcc -std=gnu99 -E -D_GNU_SOURCE -D_REENTRANT -D_THREAD_SAFE  conftest.c
configure:19748: $? = 0
configure:19762: result: yes
configure:19795: checking for arpa/inet.h
configure:19804: result: yes
configure:19684: checking netinet/tcp.h usability
configure:19701: gcc -std=gnu99 -c -g -O2 -D_GNU_SOURCE -D_REENTRANT -D_THREAD_SAFE  conftest.c >&5
configure:19708: $? = 0
configure:19722: result: yes
configure:19726: checking netinet/tcp.h presence
configure:19741: gcc -std=gnu99 -E -D_GNU_SOURCE -D_REENTRANT -D_THREAD_SAFE  conftest.c
configure:19748: $? = 0
configure:19762: result: yes
configure:19795: checking for netinet/tcp.h
configure:19804: result: yes
configure:19684: checking netinet/in.h usability
configure:19701: gcc -std=gnu99 -c -g -O2 -D_GNU_SOURCE -D_REENTRANT -D_THREAD_SAFE  conftest.c >&5
configure:19708: $? = 0
configure:19722: result: yes
configure:19726: checking netinet/in.h presence
configure:19741: gcc -std=gnu99 -E -D_GNU_SOURCE -D_REENTRANT -D_THREAD_SAFE  conftest.c
configure:19748: $? = 0
configure:19762: result: yes
configure:19795: checking for netinet/in.h
configure:19804: result: yes
configure:19684: checking stddef.h usability
configure:19701: gcc -std=gnu99 -c -g -O2 -D_GNU_SOURCE -D_REENTRANT -D_THREAD_SAFE  conftest.c >&5
configure:19708: $? = 0
configure:19722: result: yes
configure:19726: checking stddef.h presence
configure:19741: gcc -std=gnu99 -E -D_GNU_SOURCE -D_REENTRANT -D_THREAD_SAFE  conftest.c
configure:19748: $? = 0
configure:19762: result: yes
configure:19795: checking for stddef.h
configure:19804: result: yes
configure:19673: checking for stdlib.h
configure:19680: result: yes
configure:19673: checking for string.h
configure:19680: result: yes
configure:19684: checking sys/socket.h usability
configure:19701: gcc -std=gnu99 -c -g -O2 -D_GNU_SOURCE -D_REENTRANT -D_THREAD_SAFE  conftest.c >&5
configure:19708: $? = 0
configure:19722: result: yes
configure:19726: checking sys/socket.h presence
configure:19741: gcc -std=gnu99 -E -D_GNU_SOURCE -D_REENTRANT -D_THREAD_SAFE  conftest.c
configure:19748: $? = 0
configure:19762: result: yes
configure:19795: checking for sys/socket.h
configure:19804: result: yes
configure:19684: checking sys/time.h usability
configure:19701: gcc -std=gnu99 -c -g -O2 -D_GNU_SOURCE -D_REENTRANT -D_THREAD_SAFE  conftest.c >&5
configure:19708: $? = 0
configure:19722: result: yes
configure:19726: checking sys/time.h presence
configure:19741: gcc -std=gnu99 -E -D_GNU_SOURCE -D_REENTRANT -D_THREAD_SAFE  conftest.c
configure:19748: $? = 0
configure:19762: result: yes
configure:19795: checking for sys/time.h
configure:19804: result: yes
configure:19673: checking for unistd.h
configure:19680: result: yes
configure:19684: checking limits.h usability
configure:19701: gcc -std=gnu99 -c -g -O2 -D_GNU_SOURCE -D_REENTRANT -D_THREAD_SAFE  conftest.c >&5
configure:19708: $? = 0
configure:19722: result: yes
configure:19726: checking limits.h presence
configure:19741: gcc -std=gnu99 -E -D_GNU_SOURCE -D_REENTRANT -D_THREAD_SAFE  conftest.c
configure:19748: $? = 0
configure:19762: result: yes
configure:19795: checking for limits.h
configure:19804: result: yes
configure:19837: checking ifaddrs.h usability
configure:19854: gcc -std=gnu99 -c -g -O2 -D_GNU_SOURCE -D_REENTRANT -D_THREAD_SAFE  conftest.c >&5
configure:19861: $? = 0
configure:19875: result: yes
configure:19879: checking ifaddrs.h presence
configure:19894: gcc -std=gnu99 -E -D_GNU_SOURCE -D_REENTRANT -D_THREAD_SAFE  conftest.c
configure:19901: $? = 0
configure:19915: result: yes
configure:19948: checking for ifaddrs.h
configure:19957: result: yes
configure:19985: checking for stdbool.h that conforms to C99
configure:20080: g++ -c -g -O2 -D_GNU_SOURCE -D_REENTRANT -D_THREAD_SAFE  conftest.cpp >&5
configure:20087: $? = 0
configure:20102: result: yes
configure:20104: checking for _Bool
configure:20132: g++ -c -g -O2 -D_GNU_SOURCE -D_REENTRANT -D_THREAD_SAFE  conftest.cpp >&5
conftest.cpp: In function `int main()':
conftest.cpp:76: error: `_Bool' was not declared in this scope
configure:20139: $? = 1
configure: failed program was:
| /* confdefs.h.  */
| #define PACKAGE_NAME "zeromq"
| #define PACKAGE_TARNAME "zeromq"
| #define PACKAGE_VERSION "2.1.7"
| #define PACKAGE_STRING "zeromq 2.1.7"
| #define PACKAGE_BUGREPORT "zeromq-dev@lists.zeromq.org"
| #define PACKAGE "zeromq"
| #define VERSION "2.1.7"
| #define STDC_HEADERS 1
| #define HAVE_SYS_TYPES_H 1
| #define HAVE_SYS_STAT_H 1
| #define HAVE_STDLIB_H 1
| #define HAVE_STRING_H 1
| #define HAVE_MEMORY_H 1
| #define HAVE_STRINGS_H 1
| #define HAVE_INTTYPES_H 1
| #define HAVE_STDINT_H 1
| #define HAVE_UNISTD_H 1
| #define HAVE_DLFCN_H 1
| #define LT_OBJDIR ".libs/"
| #define HAVE_LIBPTHREAD 1
| #define ZMQ_HAVE_LINUX 1
| #define HAVE_LIBRT 1
| #define HAVE_LIBUUID 1
| #define STDC_HEADERS 1
| #define HAVE_ERRNO_H 1
| #define HAVE_ARPA_INET_H 1
| #define HAVE_NETINET_TCP_H 1
| #define HAVE_NETINET_IN_H 1
| #define HAVE_STDDEF_H 1
| #define HAVE_STDLIB_H 1
| #define HAVE_STRING_H 1
| #define HAVE_SYS_SOCKET_H 1
| #define HAVE_SYS_TIME_H 1
| #define HAVE_UNISTD_H 1
| #define HAVE_LIMITS_H 1
| #define HAVE_IFADDRS_H 1
| #define ZMQ_HAVE_IFADDRS 1
| /* end confdefs.h.  */
| #include <stdio.h>
| #ifdef HAVE_SYS_TYPES_H
| # include <sys/types.h>
| #endif
| #ifdef HAVE_SYS_STAT_H
| # include <sys/stat.h>
| #endif
| #ifdef STDC_HEADERS
| # include <stdlib.h>
| # include <stddef.h>
| #else
| # ifdef HAVE_STDLIB_H
| #  include <stdlib.h>
| # endif
| #endif
| #ifdef HAVE_STRING_H
| # if !defined STDC_HEADERS && defined HAVE_MEMORY_H
| #  include <memory.h>
| # endif
| # include <string.h>
| #endif
| #ifdef HAVE_STRINGS_H
| # include <strings.h>
| #endif
| #ifdef HAVE_INTTYPES_H
| # include <inttypes.h>
| #endif
| #ifdef HAVE_STDINT_H
| # include <stdint.h>
| #endif
| #ifdef HAVE_UNISTD_H
| # include <unistd.h>
| #endif
| int
| main ()
| {
| if (sizeof (_Bool))
|        return 0;
|   ;
|   return 0;
| }
configure:20196: result: no
configure:20215: checking for an ANSI C-conforming const
configure:20290: g++ -c -g -O2 -D_GNU_SOURCE -D_REENTRANT -D_THREAD_SAFE  conftest.cpp >&5
configure:20297: $? = 0
configure:20312: result: yes
configure:20322: checking for inline
configure:20348: g++ -c -g -O2 -D_GNU_SOURCE -D_REENTRANT -D_THREAD_SAFE  conftest.cpp >&5
configure:20355: $? = 0
configure:20373: result: inline
configure:20627: checking for size_t
configure:20655: g++ -c -g -O2 -D_GNU_SOURCE -D_REENTRANT -D_THREAD_SAFE  conftest.cpp >&5
configure:20662: $? = 0
configure:20689: g++ -c -g -O2 -D_GNU_SOURCE -D_REENTRANT -D_THREAD_SAFE  conftest.cpp >&5
conftest.cpp: In function `int main()':
conftest.cpp:77: error: expected primary-expression before ')' token
configure:20696: $? = 1
configure: failed program was:
| /* confdefs.h.  */
| #define PACKAGE_NAME "zeromq"
| #define PACKAGE_TARNAME "zeromq"
| #define PACKAGE_VERSION "2.1.7"
| #define PACKAGE_STRING "zeromq 2.1.7"
| #define PACKAGE_BUGREPORT "zeromq-dev@lists.zeromq.org"
| #define PACKAGE "zeromq"
| #define VERSION "2.1.7"
| #define STDC_HEADERS 1
| #define HAVE_SYS_TYPES_H 1
| #define HAVE_SYS_STAT_H 1
| #define HAVE_STDLIB_H 1
| #define HAVE_STRING_H 1
| #define HAVE_MEMORY_H 1
| #define HAVE_STRINGS_H 1
| #define HAVE_INTTYPES_H 1
| #define HAVE_STDINT_H 1
| #define HAVE_UNISTD_H 1
| #define HAVE_DLFCN_H 1
| #define LT_OBJDIR ".libs/"
| #define HAVE_LIBPTHREAD 1
| #define ZMQ_HAVE_LINUX 1
| #define HAVE_LIBRT 1
| #define HAVE_LIBUUID 1
| #define STDC_HEADERS 1
| #define HAVE_ERRNO_H 1
| #define HAVE_ARPA_INET_H 1
| #define HAVE_NETINET_TCP_H 1
| #define HAVE_NETINET_IN_H 1
| #define HAVE_STDDEF_H 1
| #define HAVE_STDLIB_H 1
| #define HAVE_STRING_H 1
| #define HAVE_SYS_SOCKET_H 1
| #define HAVE_SYS_TIME_H 1
| #define HAVE_UNISTD_H 1
| #define HAVE_LIMITS_H 1
| #define HAVE_IFADDRS_H 1
| #define ZMQ_HAVE_IFADDRS 1
| #define HAVE_STDBOOL_H 1
| /* end confdefs.h.  */
| #include <stdio.h>
| #ifdef HAVE_SYS_TYPES_H
| # include <sys/types.h>
| #endif
| #ifdef HAVE_SYS_STAT_H
| # include <sys/stat.h>
| #endif
| #ifdef STDC_HEADERS
| # include <stdlib.h>
| # include <stddef.h>
| #else
| # ifdef HAVE_STDLIB_H
| #  include <stdlib.h>
| # endif
| #endif
| #ifdef HAVE_STRING_H
| # if !defined STDC_HEADERS && defined HAVE_MEMORY_H
| #  include <memory.h>
| # endif
| # include <string.h>
| #endif
| #ifdef HAVE_STRINGS_H
| # include <strings.h>
| #endif
| #ifdef HAVE_INTTYPES_H
| # include <inttypes.h>
| #endif
| #ifdef HAVE_STDINT_H
| # include <stdint.h>
| #endif
| #ifdef HAVE_UNISTD_H
| # include <unistd.h>
| #endif
| int
| main ()
| {
| if (sizeof ((size_t)))
| 	  return 0;
|   ;
|   return 0;
| }
configure:20719: result: yes
configure:20731: checking for ssize_t
configure:20759: g++ -c -g -O2 -D_GNU_SOURCE -D_REENTRANT -D_THREAD_SAFE  conftest.cpp >&5
configure:20766: $? = 0
configure:20793: g++ -c -g -O2 -D_GNU_SOURCE -D_REENTRANT -D_THREAD_SAFE  conftest.cpp >&5
conftest.cpp: In function `int main()':
conftest.cpp:77: error: expected primary-expression before ')' token
configure:20800: $? = 1
configure: failed program was:
| /* confdefs.h.  */
| #define PACKAGE_NAME "zeromq"
| #define PACKAGE_TARNAME "zeromq"
| #define PACKAGE_VERSION "2.1.7"
| #define PACKAGE_STRING "zeromq 2.1.7"
| #define PACKAGE_BUGREPORT "zeromq-dev@lists.zeromq.org"
| #define PACKAGE "zeromq"
| #define VERSION "2.1.7"
| #define STDC_HEADERS 1
| #define HAVE_SYS_TYPES_H 1
| #define HAVE_SYS_STAT_H 1
| #define HAVE_STDLIB_H 1
| #define HAVE_STRING_H 1
| #define HAVE_MEMORY_H 1
| #define HAVE_STRINGS_H 1
| #define HAVE_INTTYPES_H 1
| #define HAVE_STDINT_H 1
| #define HAVE_UNISTD_H 1
| #define HAVE_DLFCN_H 1
| #define LT_OBJDIR ".libs/"
| #define HAVE_LIBPTHREAD 1
| #define ZMQ_HAVE_LINUX 1
| #define HAVE_LIBRT 1
| #define HAVE_LIBUUID 1
| #define STDC_HEADERS 1
| #define HAVE_ERRNO_H 1
| #define HAVE_ARPA_INET_H 1
| #define HAVE_NETINET_TCP_H 1
| #define HAVE_NETINET_IN_H 1
| #define HAVE_STDDEF_H 1
| #define HAVE_STDLIB_H 1
| #define HAVE_STRING_H 1
| #define HAVE_SYS_SOCKET_H 1
| #define HAVE_SYS_TIME_H 1
| #define HAVE_UNISTD_H 1
| #define HAVE_LIMITS_H 1
| #define HAVE_IFADDRS_H 1
| #define ZMQ_HAVE_IFADDRS 1
| #define HAVE_STDBOOL_H 1
| /* end confdefs.h.  */
| #include <stdio.h>
| #ifdef HAVE_SYS_TYPES_H
| # include <sys/types.h>
| #endif
| #ifdef HAVE_SYS_STAT_H
| # include <sys/stat.h>
| #endif
| #ifdef STDC_HEADERS
| # include <stdlib.h>
| # include <stddef.h>
| #else
| # ifdef HAVE_STDLIB_H
| #  include <stdlib.h>
| # endif
| #endif
| #ifdef HAVE_STRING_H
| # if !defined STDC_HEADERS && defined HAVE_MEMORY_H
| #  include <memory.h>
| # endif
| # include <string.h>
| #endif
| #ifdef HAVE_STRINGS_H
| # include <strings.h>
| #endif
| #ifdef HAVE_INTTYPES_H
| # include <inttypes.h>
| #endif
| #ifdef HAVE_STDINT_H
| # include <stdint.h>
| #endif
| #ifdef HAVE_UNISTD_H
| # include <unistd.h>
| #endif
| int
| main ()
| {
| if (sizeof ((ssize_t)))
| 	  return 0;
|   ;
|   return 0;
| }
configure:20823: result: yes
configure:20836: checking whether time.h and sys/time.h may both be included
configure:20866: g++ -c -g -O2 -D_GNU_SOURCE -D_REENTRANT -D_THREAD_SAFE  conftest.cpp >&5
configure:20873: $? = 0
configure:20888: result: yes
configure:20899: checking for uint32_t
configure:20930: g++ -c -g -O2 -D_GNU_SOURCE -D_REENTRANT -D_THREAD_SAFE  conftest.cpp >&5
configure:20937: $? = 0
configure:20958: result: yes
configure:20975: checking for working volatile
configure:21004: g++ -c -g -O2 -D_GNU_SOURCE -D_REENTRANT -D_THREAD_SAFE  conftest.cpp >&5
configure:21011: $? = 0
configure:21026: result: yes
configure:21607: checking how to enable additional warnings for C++ compiler
configure:21642: result: -Wall
configure:21654: checking how to turn warnings to errors in C++ compiler
configure:21685: result: -Werror
configure:21698: checking how to enable strict standards compliance in C++ compiler
configure:21733: result: -pedantic
configure:21768: checking return type of signal handlers
configure:21796: g++ -c -g -O2 -pedantic -Werror -Wall -D_GNU_SOURCE -D_REENTRANT -D_THREAD_SAFE  conftest.cpp >&5
conftest.cpp: In function `int main()':
conftest.cpp:48: error: void value not ignored as it ought to be
configure:21803: $? = 1
configure: failed program was:
| /* confdefs.h.  */
| #define PACKAGE_NAME "zeromq"
| #define PACKAGE_TARNAME "zeromq"
| #define PACKAGE_VERSION "2.1.7"
| #define PACKAGE_STRING "zeromq 2.1.7"
| #define PACKAGE_BUGREPORT "zeromq-dev@lists.zeromq.org"
| #define PACKAGE "zeromq"
| #define VERSION "2.1.7"
| #define STDC_HEADERS 1
| #define HAVE_SYS_TYPES_H 1
| #define HAVE_SYS_STAT_H 1
| #define HAVE_STDLIB_H 1
| #define HAVE_STRING_H 1
| #define HAVE_MEMORY_H 1
| #define HAVE_STRINGS_H 1
| #define HAVE_INTTYPES_H 1
| #define HAVE_STDINT_H 1
| #define HAVE_UNISTD_H 1
| #define HAVE_DLFCN_H 1
| #define LT_OBJDIR ".libs/"
| #define HAVE_LIBPTHREAD 1
| #define ZMQ_HAVE_LINUX 1
| #define HAVE_LIBRT 1
| #define HAVE_LIBUUID 1
| #define STDC_HEADERS 1
| #define HAVE_ERRNO_H 1
| #define HAVE_ARPA_INET_H 1
| #define HAVE_NETINET_TCP_H 1
| #define HAVE_NETINET_IN_H 1
| #define HAVE_STDDEF_H 1
| #define HAVE_STDLIB_H 1
| #define HAVE_STRING_H 1
| #define HAVE_SYS_SOCKET_H 1
| #define HAVE_SYS_TIME_H 1
| #define HAVE_UNISTD_H 1
| #define HAVE_LIMITS_H 1
| #define HAVE_IFADDRS_H 1
| #define ZMQ_HAVE_IFADDRS 1
| #define HAVE_STDBOOL_H 1
| #define TIME_WITH_SYS_TIME 1
| /* end confdefs.h.  */
| #include <sys/types.h>
| #include <signal.h>
| 
| int
| main ()
| {
| return *(signal (0, 0)) (0) == 1;
|   ;
|   return 0;
| }
configure:21818: result: void
configure:21835: checking for perror
configure:21891: g++ -o conftest -g -O2 -pedantic -Werror -Wall -D_GNU_SOURCE -D_REENTRANT -D_THREAD_SAFE   conftest.cpp -luuid -lrt -lpthread  >&5
configure:21898: $? = 0
configure:21920: result: yes
configure:21835: checking for gettimeofday
configure:21891: g++ -o conftest -g -O2 -pedantic -Werror -Wall -D_GNU_SOURCE -D_REENTRANT -D_THREAD_SAFE   conftest.cpp -luuid -lrt -lpthread  >&5
configure:21898: $? = 0
configure:21920: result: yes
configure:21835: checking for memset
configure:21891: g++ -o conftest -g -O2 -pedantic -Werror -Wall -D_GNU_SOURCE -D_REENTRANT -D_THREAD_SAFE   conftest.cpp -luuid -lrt -lpthread  >&5
configure:21898: $? = 0
configure:21920: result: yes
configure:21835: checking for socket
configure:21891: g++ -o conftest -g -O2 -pedantic -Werror -Wall -D_GNU_SOURCE -D_REENTRANT -D_THREAD_SAFE   conftest.cpp -luuid -lrt -lpthread  >&5
configure:21898: $? = 0
configure:21920: result: yes
configure:21835: checking for getifaddrs
configure:21891: g++ -o conftest -g -O2 -pedantic -Werror -Wall -D_GNU_SOURCE -D_REENTRANT -D_THREAD_SAFE   conftest.cpp -luuid -lrt -lpthread  >&5
configure:21898: $? = 0
configure:21920: result: yes
configure:21835: checking for freeifaddrs
configure:21891: g++ -o conftest -g -O2 -pedantic -Werror -Wall -D_GNU_SOURCE -D_REENTRANT -D_THREAD_SAFE   conftest.cpp -luuid -lrt -lpthread  >&5
configure:21898: $? = 0
configure:21920: result: yes
configure:21949: checking alloca.h usability
configure:21966: g++ -c -g -O2 -pedantic -Werror -Wall -D_GNU_SOURCE -D_REENTRANT -D_THREAD_SAFE  conftest.cpp >&5
configure:21973: $? = 0
configure:21987: result: yes
configure:21991: checking alloca.h presence
configure:22006: g++ -E -pedantic -Werror -Wall -D_GNU_SOURCE -D_REENTRANT -D_THREAD_SAFE  conftest.cpp
configure:22013: $? = 0
configure:22027: result: yes
configure:22060: checking for alloca.h
configure:22069: result: yes
configure:22258: creating ./config.status

## ---------------------- ##
## Running config.status. ##
## ---------------------- ##

This file was extended by zeromq config.status 2.1.7, which was
generated by GNU Autoconf 2.63.  Invocation command line was

  CONFIG_FILES    = 
  CONFIG_HEADERS  = 
  CONFIG_LINKS    = 
  CONFIG_COMMANDS = 
  $ ./config.status 

on roundcorn.champ.corp.yahoo.com

config.status:1110: creating Makefile
config.status:1110: creating src/Makefile
config.status:1110: creating doc/Makefile
config.status:1110: creating perf/Makefile
config.status:1110: creating src/libzmq.pc
config.status:1110: creating builds/msvc/Makefile
config.status:1110: creating tests/Makefile
config.status:1110: creating foreign/openpgm/Makefile
config.status:1110: creating builds/redhat/zeromq.spec
config.status:1110: creating src/platform.hpp
config.status:1332: src/platform.hpp is unchanged
config.status:1384: executing depfiles commands
config.status:1384: executing libtool commands

## ---------------- ##
## Cache variables. ##
## ---------------- ##

ac_cv_build=x86_64-unknown-linux-gnu
ac_cv_c_compiler_gnu=yes
ac_cv_c_const=yes
ac_cv_c_inline=inline
ac_cv_c_uint32_t=yes
ac_cv_c_volatile=yes
ac_cv_cxx_compiler_gnu=yes
ac_cv_env_ASCIIDOC_set=
ac_cv_env_ASCIIDOC_value=
ac_cv_env_CCC_set=
ac_cv_env_CCC_value=
ac_cv_env_CC_set=
ac_cv_env_CC_value=
ac_cv_env_CFLAGS_set=
ac_cv_env_CFLAGS_value=
ac_cv_env_CPPFLAGS_set=
ac_cv_env_CPPFLAGS_value=
ac_cv_env_CPP_set=
ac_cv_env_CPP_value=
ac_cv_env_CXXCPP_set=
ac_cv_env_CXXCPP_value=
ac_cv_env_CXXFLAGS_set=
ac_cv_env_CXXFLAGS_value=
ac_cv_env_CXX_set=
ac_cv_env_CXX_value=
ac_cv_env_LDFLAGS_set=
ac_cv_env_LDFLAGS_value=
ac_cv_env_LIBS_set=
ac_cv_env_LIBS_value=
ac_cv_env_OpenPGM_CFLAGS_set=
ac_cv_env_OpenPGM_CFLAGS_value=
ac_cv_env_OpenPGM_LIBS_set=
ac_cv_env_OpenPGM_LIBS_value=
ac_cv_env_PKG_CONFIG_set=
ac_cv_env_PKG_CONFIG_value=
ac_cv_env_XMLTO_set=
ac_cv_env_XMLTO_value=
ac_cv_env_build_alias_set=
ac_cv_env_build_alias_value=
ac_cv_env_host_alias_set=
ac_cv_env_host_alias_value=
ac_cv_env_target_alias_set=
ac_cv_env_target_alias_value=
ac_cv_func_freeifaddrs=yes
ac_cv_func_getifaddrs=yes
ac_cv_func_gettimeofday=yes
ac_cv_func_memset=yes
ac_cv_func_perror=yes
ac_cv_func_socket=yes
ac_cv_header_alloca_h=yes
ac_cv_header_arpa_inet_h=yes
ac_cv_header_dlfcn_h=yes
ac_cv_header_errno_h=yes
ac_cv_header_ifaddrs_h=yes
ac_cv_header_inttypes_h=yes
ac_cv_header_limits_h=yes
ac_cv_header_memory_h=yes
ac_cv_header_netinet_in_h=yes
ac_cv_header_netinet_tcp_h=yes
ac_cv_header_stdbool_h=yes
ac_cv_header_stdc=yes
ac_cv_header_stddef_h=yes
ac_cv_header_stdint_h=yes
ac_cv_header_stdlib_h=yes
ac_cv_header_string_h=yes
ac_cv_header_strings_h=yes
ac_cv_header_sys_socket_h=yes
ac_cv_header_sys_stat_h=yes
ac_cv_header_sys_time_h=yes
ac_cv_header_sys_types_h=yes
ac_cv_header_time=yes
ac_cv_header_unistd_h=yes
ac_cv_host=x86_64-unknown-linux-gnu
ac_cv_lib_pthread_pthread_create=yes
ac_cv_lib_rt_sem_init=yes
ac_cv_lib_uuid_uuid_generate=yes
ac_cv_objext=o
ac_cv_path_EGREP='/bin/grep -E'
ac_cv_path_FGREP='/bin/grep -F'
ac_cv_path_GREP=/bin/grep
ac_cv_path_SED=/bin/sed
ac_cv_path_install='/usr/bin/install -c'
ac_cv_path_mkdir=/bin/mkdir
ac_cv_prog_AWK=gawk
ac_cv_prog_CPP='gcc -std=gnu99 -E'
ac_cv_prog_CXXCPP='g++ -E'
ac_cv_prog_ac_ct_AR=ar
ac_cv_prog_ac_ct_CC=gcc
ac_cv_prog_ac_ct_CXX=g++
ac_cv_prog_ac_ct_OBJDUMP=objdump
ac_cv_prog_ac_ct_RANLIB=ranlib
ac_cv_prog_ac_ct_STRIP=strip
ac_cv_prog_cc_c89=
ac_cv_prog_cc_c99=-std=gnu99
ac_cv_prog_cc_g=yes
ac_cv_prog_cc_gcc_c_o=yes
ac_cv_prog_cxx_g=yes
ac_cv_prog_libzmq_have_asciidoc=no
ac_cv_prog_libzmq_have_xmlto=no
ac_cv_prog_make_make_set=yes
ac_cv_type__Bool=no
ac_cv_type_signal=void
ac_cv_type_size_t=yes
ac_cv_type_ssize_t=yes
am_cv_CC_dependencies_compiler_type=gcc3
am_cv_CXX_dependencies_compiler_type=gcc3
am_cv_prog_tar_ustar=gnutar
libzmq_cv_c_clang_compiler=no
libzmq_cv_c_compiler_works=yes
libzmq_cv_c_gcc4_compiler=no
libzmq_cv_c_intel_compiler=no
libzmq_cv_c_sun_studio_compiler=no
libzmq_cv_cxx_clang_compiler=no
libzmq_cv_cxx_compiler_works=yes
libzmq_cv_cxx_gcc4_compiler=no
libzmq_cv_cxx_intel_compiler=no
libzmq_cv_cxx_strict_flag=-pedantic
libzmq_cv_cxx_sun_studio_compiler=no
libzmq_cv_cxx_visibility_flag=
libzmq_cv_cxx_wall_flag=-Wall
libzmq_cv_cxx_werror_flag=-Werror
lt_cv_deplibs_check_method=pass_all
lt_cv_file_magic_cmd='$MAGIC_CMD'
lt_cv_file_magic_test_file=
lt_cv_ld_reload_flag=-r
lt_cv_nm_interface='BSD nm'
lt_cv_objdir=.libs
lt_cv_path_LD=/usr/bin/ld
lt_cv_path_LDCXX='/usr/bin/ld -m elf_x86_64'
lt_cv_path_NM='/usr/bin/nm -B'
lt_cv_prog_compiler_c_o=yes
lt_cv_prog_compiler_c_o_CXX=yes
lt_cv_prog_compiler_pic_works=yes
lt_cv_prog_compiler_pic_works_CXX=yes
lt_cv_prog_compiler_rtti_exceptions=no
lt_cv_prog_compiler_static_works=yes
lt_cv_prog_compiler_static_works_CXX=yes
lt_cv_prog_gnu_ld=yes
lt_cv_prog_gnu_ldcxx=yes
lt_cv_sys_global_symbol_pipe='sed -n -e '\''s/^.*[	 ]\([ABCDGIRSTW][ABCDGIRSTW]*\)[	 ][	 ]*\([_A-Za-z][_A-Za-z0-9]*\)$/\1 \2 \2/p'\'''
lt_cv_sys_global_symbol_to_c_name_address='sed -n -e '\''s/^: \([^ ]*\) $/  {\"\1\", (void *) 0},/p'\'' -e '\''s/^[ABCDGIRSTW]* \([^ ]*\) \([^ ]*\)$/  {"\2", (void *) \&\2},/p'\'''
lt_cv_sys_global_symbol_to_c_name_address_lib_prefix='sed -n -e '\''s/^: \([^ ]*\) $/  {\"\1\", (void *) 0},/p'\'' -e '\''s/^[ABCDGIRSTW]* \([^ ]*\) \(lib[^ ]*\)$/  {"\2", (void *) \&\2},/p'\'' -e '\''s/^[ABCDGIRSTW]* \([^ ]*\) \([^ ]*\)$/  {"lib\2", (void *) \&\2},/p'\'''
lt_cv_sys_global_symbol_to_cdecl='sed -n -e '\''s/^T .* \(.*\)$/extern int \1();/p'\'' -e '\''s/^[ABCDGIRSTW]* .* \(.*\)$/extern char \1;/p'\'''
lt_cv_sys_max_cmd_len=98304

## ----------------- ##
## Output variables. ##
## ----------------- ##

ACLOCAL='${SHELL} /home/evans/src/zeromq/config/missing --run aclocal-1.11'
AMDEPBACKSLASH='\'
AMDEP_FALSE='#'
AMDEP_TRUE=''
AMTAR='${SHELL} /home/evans/src/zeromq/config/missing --run tar'
AM_BACKSLASH='\'
AM_DEFAULT_VERBOSITY='0'
AR='ar'
AS='as'
ASCIIDOC=''
AUTOCONF='${SHELL} /home/evans/src/zeromq/config/missing --run autoconf'
AUTOHEADER='${SHELL} /home/evans/src/zeromq/config/missing --run autoheader'
AUTOMAKE='${SHELL} /home/evans/src/zeromq/config/missing --run automake-1.11'
AWK='gawk'
BUILD_DOC_FALSE=''
BUILD_DOC_TRUE='#'
BUILD_PGM_FALSE=''
BUILD_PGM_TRUE='#'
CC='gcc -std=gnu99'
CCDEPMODE='depmode=gcc3'
CFLAGS='-g -O2'
CPP='gcc -std=gnu99 -E'
CPPFLAGS='-pedantic -Werror -Wall -D_GNU_SOURCE -D_REENTRANT -D_THREAD_SAFE '
CXX='g++'
CXXCPP='g++ -E'
CXXDEPMODE='depmode=gcc3'
CXXFLAGS='-g -O2'
CYGPATH_W='echo'
DEFS='-DHAVE_CONFIG_H'
DEPDIR='.deps'
DLLTOOL='dlltool'
DSYMUTIL=''
DUMPBIN=''
ECHO_C=''
ECHO_N='-n'
ECHO_T=''
EGREP='/bin/grep -E'
EXEEXT=''
FGREP='/bin/grep -F'
GREP='/bin/grep'
INSTALL_DATA='${INSTALL} -m 644'
INSTALL_MAN_FALSE='#'
INSTALL_MAN_TRUE=''
INSTALL_PROGRAM='${INSTALL}'
INSTALL_SCRIPT='${INSTALL}'
INSTALL_STRIP_PROGRAM='$(install_sh) -c -s'
LD='/usr/bin/ld -m elf_x86_64'
LDFLAGS=''
LIBOBJS=''
LIBS='-luuid -lrt -lpthread '
LIBTOOL='$(SHELL) $(top_builddir)/libtool'
LIBZMQ_EXTRA_CFLAGS=''
LIBZMQ_EXTRA_CXXFLAGS=''
LIBZMQ_EXTRA_LDFLAGS=''
LIPO=''
LN_S='ln -s'
LTLIBOBJS=''
LTVER='1:0:0'
MAKEINFO='${SHELL} /home/evans/src/zeromq/config/missing --run makeinfo'
MKDIR_P='/bin/mkdir -p'
NM='/usr/bin/nm -B'
NMEDIT=''
OBJDUMP='objdump'
OBJEXT='o'
ON_MINGW_FALSE=''
ON_MINGW_TRUE='#'
OTOOL64=''
OTOOL=''
OpenPGM_CFLAGS=''
OpenPGM_LIBS=''
PACKAGE='zeromq'
PACKAGE_BUGREPORT='zeromq-dev@lists.zeromq.org'
PACKAGE_NAME='zeromq'
PACKAGE_STRING='zeromq 2.1.7'
PACKAGE_TARNAME='zeromq'
PACKAGE_VERSION='2.1.7'
PATH_SEPARATOR=':'
PKG_CONFIG=''
RANLIB='ranlib'
SED='/bin/sed'
SET_MAKE=''
SHELL='/bin/sh'
STRIP='strip'
VERSION='2.1.7'
XMLTO=''
ac_ct_CC='gcc'
ac_ct_CXX='g++'
ac_ct_DUMPBIN=''
am__EXEEXT_FALSE=''
am__EXEEXT_TRUE='#'
am__fastdepCC_FALSE='#'
am__fastdepCC_TRUE=''
am__fastdepCXX_FALSE='#'
am__fastdepCXX_TRUE=''
am__include='include'
am__isrc=''
am__leading_dot='.'
am__quote=''
am__tar='tar --format=ustar -chf - "$$tardir"'
am__untar='tar -xf -'
bindir='${exec_prefix}/bin'
build='x86_64-unknown-linux-gnu'
build_alias=''
build_cpu='x86_64'
build_os='linux-gnu'
build_vendor='unknown'
datadir='${datarootdir}'
datarootdir='${prefix}/share'
docdir='${datarootdir}/doc/${PACKAGE_TARNAME}'
dvidir='${docdir}'
exec_prefix='${prefix}'
host='x86_64-unknown-linux-gnu'
host_alias=''
host_cpu='x86_64'
host_os='linux-gnu'
host_vendor='unknown'
htmldir='${docdir}'
includedir='${prefix}/include'
infodir='${datarootdir}/info'
install_sh='${SHELL} /home/evans/src/zeromq/config/install-sh'
libdir='${exec_prefix}/lib'
libexecdir='${exec_prefix}/libexec'
libzmq_have_asciidoc='no'
libzmq_have_xmlto='no'
localedir='${datarootdir}/locale'
localstatedir='${prefix}/var'
lt_ECHO='echo'
mandir='${datarootdir}/man'
mkdir_p='/bin/mkdir -p'
oldincludedir='/usr/include'
pdfdir='${docdir}'
pgm_basename='libpgm-5.1.115~dfsg'
pgm_srcdir=''
pgm_subdir=''
prefix='/usr/local'
program_transform_name='s,x,x,'
psdir='${docdir}'
sbindir='${exec_prefix}/sbin'
sharedstatedir='${prefix}/com'
subdirs=''
sysconfdir='${prefix}/etc'
target_alias=''

## ----------- ##
## confdefs.h. ##
## ----------- ##

#define PACKAGE_NAME "zeromq"
#define PACKAGE_TARNAME "zeromq"
#define PACKAGE_VERSION "2.1.7"
#define PACKAGE_STRING "zeromq 2.1.7"
#define PACKAGE_BUGREPORT "zeromq-dev@lists.zeromq.org"
#define PACKAGE "zeromq"
#define VERSION "2.1.7"
#define STDC_HEADERS 1
#define HAVE_SYS_TYPES_H 1
#define HAVE_SYS_STAT_H 1
#define HAVE_STDLIB_H 1
#define HAVE_STRING_H 1
#define HAVE_MEMORY_H 1
#define HAVE_STRINGS_H 1
#define HAVE_INTTYPES_H 1
#define HAVE_STDINT_H 1
#define HAVE_UNISTD_H 1
#define HAVE_DLFCN_H 1
#define LT_OBJDIR ".libs/"
#define HAVE_LIBPTHREAD 1
#define ZMQ_HAVE_LINUX 1
#define HAVE_LIBRT 1
#define HAVE_LIBUUID 1
#define STDC_HEADERS 1
#define HAVE_ERRNO_H 1
#define HAVE_ARPA_INET_H 1
#define HAVE_NETINET_TCP_H 1
#define HAVE_NETINET_IN_H 1
#define HAVE_STDDEF_H 1
#define HAVE_STDLIB_H 1
#define HAVE_STRING_H 1
#define HAVE_SYS_SOCKET_H 1
#define HAVE_SYS_TIME_H 1
#define HAVE_UNISTD_H 1
#define HAVE_LIMITS_H 1
#define HAVE_IFADDRS_H 1
#define ZMQ_HAVE_IFADDRS 1
#define HAVE_STDBOOL_H 1
#define TIME_WITH_SYS_TIME 1
#define RETSIGTYPE void
#define HAVE_PERROR 1
#define HAVE_GETTIMEOFDAY 1
#define HAVE_MEMSET 1
#define HAVE_SOCKET 1
#define HAVE_GETIFADDRS 1
#define HAVE_FREEIFADDRS 1
#define HAVE_ALLOCA_H 1

configure: exit 0
